<?xml version="1.0" encoding="UTF-8"?><testrun name="DepartamentoTest (1)" project="ProjectManagementAula05e06" tests="2" started="2" failures="0" errors="1" ignored="0">
  <testsuite name="br.edu.unitri.projectmanager.DepartamentoTest" time="2.373">
    <testcase name="listaDepartamentos" classname="br.edu.unitri.projectmanager.DepartamentoTest" time="1.822">
      <error>javax.persistence.PersistenceException: org.hibernate.InstantiationException: No default constructor for entity: br.edu.unitri.projectmanager.domain.Departamento
	at org.hibernate.ejb.AbstractEntityManagerImpl.convert(AbstractEntityManagerImpl.java:1361)
	at org.hibernate.ejb.AbstractEntityManagerImpl.convert(AbstractEntityManagerImpl.java:1289)
	at org.hibernate.ejb.QueryImpl.getResultList(QueryImpl.java:261)
	at br.edu.unitri.projectmanager.dao.DepartamentoDAO.consultaDepartamento(DepartamentoDAO.java:48)
	at br.edu.unitri.projectmanager.DepartamentoTest.listaDepartamentos(DepartamentoTest.java:33)
	at sun.reflect.NativeMethodAccessorImpl.invoke0(Native Method)
	at sun.reflect.NativeMethodAccessorImpl.invoke(NativeMethodAccessorImpl.java:62)
	at sun.reflect.DelegatingMethodAccessorImpl.invoke(DelegatingMethodAccessorImpl.java:43)
	at java.lang.reflect.Method.invoke(Method.java:483)
	at org.junit.runners.model.FrameworkMethod$1.runReflectiveCall(FrameworkMethod.java:50)
	at org.junit.internal.runners.model.ReflectiveCallable.run(ReflectiveCallable.java:12)
	at org.junit.runners.model.FrameworkMethod.invokeExplosively(FrameworkMethod.java:47)
	at org.junit.internal.runners.statements.InvokeMethod.evaluate(InvokeMethod.java:17)
	at org.junit.internal.runners.statements.RunBefores.evaluate(RunBefores.java:26)
	at org.junit.runners.ParentRunner.runLeaf(ParentRunner.java:325)
	at org.junit.runners.BlockJUnit4ClassRunner.runChild(BlockJUnit4ClassRunner.java:78)
	at org.junit.runners.BlockJUnit4ClassRunner.runChild(BlockJUnit4ClassRunner.java:57)
	at org.junit.runners.ParentRunner$3.run(ParentRunner.java:290)
	at org.junit.runners.ParentRunner$1.schedule(ParentRunner.java:71)
	at org.junit.runners.ParentRunner.runChildren(ParentRunner.java:288)
	at org.junit.runners.ParentRunner.access$000(ParentRunner.java:58)
	at org.junit.runners.ParentRunner$2.evaluate(ParentRunner.java:268)
	at org.junit.runners.ParentRunner.run(ParentRunner.java:363)
	at org.eclipse.jdt.internal.junit4.runner.JUnit4TestReference.run(JUnit4TestReference.java:50)
	at org.eclipse.jdt.internal.junit.runner.TestExecution.run(TestExecution.java:38)
	at org.eclipse.jdt.internal.junit.runner.RemoteTestRunner.runTests(RemoteTestRunner.java:459)
	at org.eclipse.jdt.internal.junit.runner.RemoteTestRunner.runTests(RemoteTestRunner.java:675)
	at org.eclipse.jdt.internal.junit.runner.RemoteTestRunner.run(RemoteTestRunner.java:382)
	at org.eclipse.jdt.internal.junit.runner.RemoteTestRunner.main(RemoteTestRunner.java:192)
Caused by: org.hibernate.InstantiationException: No default constructor for entity: br.edu.unitri.projectmanager.domain.Departamento
	at org.hibernate.tuple.PojoInstantiator.instantiate(PojoInstantiator.java:120)
	at org.hibernate.tuple.PojoInstantiator.instantiate(PojoInstantiator.java:136)
	at org.hibernate.tuple.entity.AbstractEntityTuplizer.instantiate(AbstractEntityTuplizer.java:727)
	at org.hibernate.persister.entity.AbstractEntityPersister.instantiate(AbstractEntityPersister.java:4275)
	at org.hibernate.internal.SessionImpl.instantiate(SessionImpl.java:1226)
	at org.hibernate.internal.SessionImpl.instantiate(SessionImpl.java:1215)
	at org.hibernate.loader.Loader.instanceNotYetLoaded(Loader.java:1475)
	at org.hibernate.loader.Loader.getRow(Loader.java:1384)
	at org.hibernate.loader.Loader.getRowFromResultSet(Loader.java:640)
	at org.hibernate.loader.Loader.doQuery(Loader.java:856)
	at org.hibernate.loader.Loader.doQueryAndInitializeNonLazyCollections(Loader.java:289)
	at org.hibernate.loader.Loader.doList(Loader.java:2463)
	at org.hibernate.loader.Loader.doList(Loader.java:2449)
	at org.hibernate.loader.Loader.listIgnoreQueryCache(Loader.java:2279)
	at org.hibernate.loader.Loader.list(Loader.java:2274)
	at org.hibernate.loader.hql.QueryLoader.list(QueryLoader.java:470)
	at org.hibernate.hql.internal.ast.QueryTranslatorImpl.list(QueryTranslatorImpl.java:355)
	at org.hibernate.engine.query.spi.HQLQueryPlan.performList(HQLQueryPlan.java:196)
	at org.hibernate.internal.SessionImpl.list(SessionImpl.java:1115)
	at org.hibernate.internal.QueryImpl.list(QueryImpl.java:101)
	at org.hibernate.ejb.QueryImpl.getResultList(QueryImpl.java:252)
	... 26 more

</error>
    </testcase>
    <testcase name="adicionaDepartamentoDepartamentos" classname="br.edu.unitri.projectmanager.DepartamentoTest" time="0.55"/>
  </testsuite>
</testrun>
